<?xml version="1.0" encoding="UTF-8"?>
<!-- Generated by org.testng.reporters.JUnitReportReporter -->
<testsuite hostname="DESKTOP-3C9HAJ0" failures="0" tests="1" name="Project1.GitPractice.Test1" time="0.016" errors="0" timestamp="2022-09-19T18:53:29 IST" skipped="0">
  <testcase classname="Project1.GitPractice.Test1" name="demo1" time="0.016"/>
  <system-out/>
</testsuite> <!-- Project1.GitPractice.Test1 -->
